<?xml version="1.0" encoding="UTF-8"?>
<!-- Generated by org.testng.reporters.JUnitReportReporter -->
<testsuite hostname="DESKTOP-FNAOHNH" failures="0" tests="1" name="com.HungerMantra.Restaurants.EditDashboard_To_Allrestaurants_Admin_Integration_Test" time="23.439" errors="0" timestamp="2023-11-30T16:22:19 IST" skipped="0">
  <testcase classname="com.HungerMantra.Restaurants.EditDashboard_To_Allrestaurants_Admin_Integration_Test" name="editDashboard_To_Allrestaurants_Admin_Integration_Test" time="23.439"/>
  <system-out/>
</testsuite> <!-- com.HungerMantra.Restaurants.EditDashboard_To_Allrestaurants_Admin_Integration_Test -->
